# JRE version: OpenJDK Runtime Environment (8.0_171-b11) (build 1.8.0_171-8u171-b11-0ubuntu0.17.10.1-b11)
# Java VM: OpenJDK 64-Bit Server VM (25.171-b11 mixed mode linux-amd64 compressed oops)
Heap:
 PSYoungGen      total 830464K, used 7136K [0x000000076d000000, 0x00000007a0880000, 0x00000007c0000000)
  eden space 823296K, 0% used [0x000000076d000000,0x000000076d000000,0x000000079f400000)
  from space 7168K, 99% used [0x00000007a0180000,0x00000007a0878030,0x00000007a0880000)
  to   space 6656K, 0% used [0x000000079f400000,0x000000079f400000,0x000000079fa80000)
 ParOldGen       total 102400K, used 10814K [0x00000006c7000000, 0x00000006cd400000, 0x000000076d000000)
  object space 102400K, 10% used [0x00000006c7000000,0x00000006c7a8f888,0x00000006cd400000)
 Metaspace       used 29941K, capacity 30348K, committed 30512K, reserved 1075200K
  class space    used 3663K, capacity 3786K, committed 3888K, reserved 1048576K
GC Heap History (10 events):
Event: 7.776 GC heap after
Heap after GC invocations=8 (full 0):
 PSYoungGen      total 521728K, used 5692K [0x000000076d000000, 0x000000078d500000, 0x00000007c0000000)
  eden space 515584K, 0% used [0x000000076d000000,0x000000076d000000,0x000000078c780000)
  from space 6144K, 92% used [0x000000078ce00000,0x000000078d38f2a8,0x000000078d400000)
  to   space 6656K, 0% used [0x000000078c780000,0x000000078c780000,0x000000078ce00000)
 ParOldGen       total 171008K, used 2764K [0x00000006c7000000, 0x00000006d1700000, 0x000000076d000000)
  object space 171008K, 1% used [0x00000006c7000000,0x00000006c72b3050,0x00000006d1700000)
 Metaspace       used 19455K, capacity 19718K, committed 19840K, reserved 1067008K
  class space    used 2315K, capacity 2387K, committed 2432K, reserved 1048576K
}
Event: 8.413 GC heap before
{Heap before GC invocations=9 (full 0):
 PSYoungGen      total 521728K, used 159707K [0x000000076d000000, 0x000000078d500000, 0x00000007c0000000)
  eden space 515584K, 29% used [0x000000076d000000,0x0000000776667d20,0x000000078c780000)
  from space 6144K, 92% used [0x000000078ce00000,0x000000078d38f2a8,0x000000078d400000)
  to   space 6656K, 0% used [0x000000078c780000,0x000000078c780000,0x000000078ce00000)
 ParOldGen       total 171008K, used 2764K [0x00000006c7000000, 0x00000006d1700000, 0x000000076d000000)
  object space 171008K, 1% used [0x00000006c7000000,0x00000006c72b3050,0x00000006d1700000)
 Metaspace       used 21032K, capacity 21240K, committed 21296K, reserved 1069056K
  class space    used 2492K, capacity 2572K, committed 2608K, reserved 1048576K
Event: 8.437 GC heap after
Heap after GC invocations=9 (full 0):
 PSYoungGen      total 522240K, used 3696K [0x000000076d000000, 0x00000007a0200000, 0x00000007c0000000)
  eden space 515584K, 0% used [0x000000076d000000,0x000000076d000000,0x000000078c780000)
  from space 6656K, 55% used [0x000000078c780000,0x000000078cb1c010,0x000000078ce00000)
  to   space 6144K, 0% used [0x000000079fc00000,0x000000079fc00000,0x00000007a0200000)
 ParOldGen       total 171008K, used 3204K [0x00000006c7000000, 0x00000006d1700000, 0x000000076d000000)
  object space 171008K, 1% used [0x00000006c7000000,0x00000006c7321050,0x00000006d1700000)
 Metaspace       used 21032K, capacity 21240K, committed 21296K, reserved 1069056K
  class space    used 2492K, capacity 2572K, committed 2608K, reserved 1048576K
}
Event: 8.437 GC heap before
{Heap before GC invocations=10 (full 1):
 PSYoungGen      total 522240K, used 3696K [0x000000076d000000, 0x00000007a0200000, 0x00000007c0000000)
  eden space 515584K, 0% used [0x000000076d000000,0x000000076d000000,0x000000078c780000)
  from space 6656K, 55% used [0x000000078c780000,0x000000078cb1c010,0x000000078ce00000)
  to   space 6144K, 0% used [0x000000079fc00000,0x000000079fc00000,0x00000007a0200000)
 ParOldGen       total 171008K, used 3204K [0x00000006c7000000, 0x00000006d1700000, 0x000000076d000000)
  object space 171008K, 1% used [0x00000006c7000000,0x00000006c7321050,0x00000006d1700000)
 Metaspace       used 21032K, capacity 21240K, committed 21296K, reserved 1069056K
  class space    used 2492K, capacity 2572K, committed 2608K, reserved 1048576K
Event: 8.561 GC heap after
Heap after GC invocations=10 (full 1):
 PSYoungGen      total 522240K, used 0K [0x000000076d000000, 0x00000007a0200000, 0x00000007c0000000)
  eden space 515584K, 0% used [0x000000076d000000,0x000000076d000000,0x000000078c780000)
  from space 6656K, 0% used [0x000000078c780000,0x000000078c780000,0x000000078ce00000)
  to   space 6144K, 0% used [0x000000079fc00000,0x000000079fc00000,0x00000007a0200000)
 ParOldGen       total 102400K, used 6113K [0x00000006c7000000, 0x00000006cd400000, 0x000000076d000000)
  object space 102400K, 5% used [0x00000006c7000000,0x00000006c75f8610,0x00000006cd400000)
 Metaspace       used 21032K, capacity 21240K, committed 21296K, reserved 1069056K
  class space    used 2492K, capacity 2572K, committed 2608K, reserved 1048576K
}
Event: 12.991 GC heap before
{Heap before GC invocations=11 (full 1):
 PSYoungGen      total 522240K, used 515584K [0x000000076d000000, 0x00000007a0200000, 0x00000007c0000000)
  eden space 515584K, 100% used [0x000000076d000000,0x000000078c780000,0x000000078c780000)
  from space 6656K, 0% used [0x000000078c780000,0x000000078c780000,0x000000078ce00000)
  to   space 6144K, 0% used [0x000000079fc00000,0x000000079fc00000,0x00000007a0200000)
 ParOldGen       total 102400K, used 6113K [0x00000006c7000000, 0x00000006cd400000, 0x000000076d000000)
  object space 102400K, 5% used [0x00000006c7000000,0x00000006c75f8610,0x00000006cd400000)
 Metaspace       used 24171K, capacity 24498K, committed 24880K, reserved 1071104K
  class space    used 2907K, capacity 3019K, committed 3120K, reserved 1048576K
Event: 13.002 GC heap after
Heap after GC invocations=11 (full 1):
 PSYoungGen      total 667136K, used 4738K [0x000000076d000000, 0x00000007a0100000, 0x00000007c0000000)
  eden space 662016K, 0% used [0x000000076d000000,0x000000076d000000,0x0000000795680000)
  from space 5120K, 92% used [0x000000079fc00000,0x00000007a00a08b8,0x00000007a0100000)
  to   space 6656K, 0% used [0x000000079f400000,0x000000079f400000,0x000000079fa80000)
 ParOldGen       total 102400K, used 6121K [0x00000006c7000000, 0x00000006cd400000, 0x000000076d000000)
  object space 102400K, 5% used [0x00000006c7000000,0x00000006c75fa610,0x00000006cd400000)
 Metaspace       used 24171K, capacity 24498K, committed 24880K, reserved 1071104K
  class space    used 2907K, capacity 3019K, committed 3120K, reserved 1048576K
}
Event: 21.497 GC heap before
{Heap before GC invocations=12 (full 1):
 PSYoungGen      total 667136K, used 666754K [0x000000076d000000, 0x00000007a0100000, 0x00000007c0000000)
  eden space 662016K, 100% used [0x000000076d000000,0x0000000795680000,0x0000000795680000)
  from space 5120K, 92% used [0x000000079fc00000,0x00000007a00a08b8,0x00000007a0100000)
  to   space 6656K, 0% used [0x000000079f400000,0x000000079f400000,0x000000079fa80000)
 ParOldGen       total 102400K, used 6121K [0x00000006c7000000, 0x00000006cd400000, 0x000000076d000000)
  object space 102400K, 5% used [0x00000006c7000000,0x00000006c75fa610,0x00000006cd400000)
 Metaspace       used 25456K, capacity 25794K, committed 26032K, reserved 1073152K
  class space    used 3075K, capacity 3187K, committed 3248K, reserved 1048576K
Event: 21.527 GC heap after
Heap after GC invocations=12 (full 1):
 PSYoungGen      total 829952K, used 6298K [0x000000076d000000, 0x00000007a0880000, 0x00000007c0000000)
  eden space 823296K, 0% used [0x000000076d000000,0x000000076d000000,0x000000079f400000)
  from space 6656K, 94% used [0x000000079f400000,0x000000079fa26a90,0x000000079fa80000)
  to   space 7168K, 0% used [0x00000007a0180000,0x00000007a0180000,0x00000007a0880000)
 ParOldGen       total 102400K, used 6129K [0x00000006c7000000, 0x00000006cd400000, 0x000000076d000000)
  object space 102400K, 5% used [0x00000006c7000000,0x00000006c75fc610,0x00000006cd400000)
 Metaspace       used 25456K, capacity 25794K, committed 26032K, reserved 1073152K
  class space    used 3075K, capacity 3187K, committed 3248K, reserved 1048576K
}
Event: 25.151 GC heap before
{Heap before GC invocations=13 (full 1):
 PSYoungGen      total 829952K, used 829594K [0x000000076d000000, 0x00000007a0880000, 0x00000007c0000000)
  eden space 823296K, 100% used [0x000000076d000000,0x000000079f400000,0x000000079f400000)
  from space 6656K, 94% used [0x000000079f400000,0x000000079fa26a90,0x000000079fa80000)
  to   space 7168K, 0% used [0x00000007a0180000,0x00000007a0180000,0x00000007a0880000)
 ParOldGen       total 102400K, used 6129K [0x00000006c7000000, 0x00000006cd400000, 0x000000076d000000)
  object space 102400K, 5% used [0x00000006c7000000,0x00000006c75fc610,0x00000006cd400000)
 Metaspace       used 29941K, capacity 30348K, committed 30512K, reserved 1075200K
  class space    used 3663K, capacity 3786K, committed 3888K, reserved 1048576K

